{"time":"2025-11-01T11:31:35.331513821-07:00","level":"INFO","source":{"function":"main.Run","file":"/home/andrew/workspace/bytefreezer/bytefreezer-piper/main.go","line":55},"msg":"Starting bytefreezer-piper version 1.0.0"}
{"time":"2025-11-01T11:31:35.332756375-07:00","level":"INFO","source":{"function":"main.Run","file":"/home/andrew/workspace/bytefreezer/bytefreezer-piper/main.go","line":63},"msg":"Configuration loaded successfully"}
{"time":"2025-11-01T11:31:35.332774279-07:00","level":"INFO","source":{"function":"main.Run","file":"/home/andrew/workspace/bytefreezer/bytefreezer-piper/main.go","line":64},"msg":"Instance ID: piper-192-168-86-96-85949-1762021895"}
{"time":"2025-11-01T11:31:35.332779324-07:00","level":"INFO","source":{"function":"main.Run","file":"/home/andrew/workspace/bytefreezer/bytefreezer-piper/main.go","line":66},"msg":"Source bucket: intake (prefix: (none))"}
{"time":"2025-11-01T11:31:35.332783621-07:00","level":"INFO","source":{"function":"main.Run","file":"/home/andrew/workspace/bytefreezer/bytefreezer-piper/main.go","line":67},"msg":"Destination bucket: piper (prefix: (none))"}
{"time":"2025-11-01T11:31:35.332859035-07:00","level":"INFO","source":{"function":"github.com/n0needt0/bytefreezer-piper/storage.NewPostgreSQLStateManager","file":"/home/andrew/workspace/bytefreezer/bytefreezer-piper/storage/postgresql_state_manager.go","line":38},"msg":"PostgreSQL: Set MaxOpenConns to 25"}
{"time":"2025-11-01T11:31:35.332873185-07:00","level":"INFO","source":{"function":"github.com/n0needt0/bytefreezer-piper/storage.NewPostgreSQLStateManager","file":"/home/andrew/workspace/bytefreezer/bytefreezer-piper/storage/postgresql_state_manager.go","line":42},"msg":"PostgreSQL: Set MaxIdleConns to 10"}
{"time":"2025-11-01T11:31:35.33288012-07:00","level":"INFO","source":{"function":"github.com/n0needt0/bytefreezer-piper/storage.NewPostgreSQLStateManager","file":"/home/andrew/workspace/bytefreezer/bytefreezer-piper/storage/postgresql_state_manager.go","line":46},"msg":"PostgreSQL: Set ConnMaxLifetime to 5m0s"}
{"time":"2025-11-01T11:31:35.332884588-07:00","level":"INFO","source":{"function":"github.com/n0needt0/bytefreezer-piper/storage.NewPostgreSQLStateManager","file":"/home/andrew/workspace/bytefreezer/bytefreezer-piper/storage/postgresql_state_manager.go","line":50},"msg":"PostgreSQL: Set ConnMaxIdleTime to 5m0s"}
{"time":"2025-11-01T11:31:35.398822531-07:00","level":"INFO","source":{"function":"github.com/n0needt0/bytefreezer-piper/services.NewServices","file":"/home/andrew/workspace/bytefreezer/bytefreezer-piper/services/services.go","line":50},"msg":"Dataset metrics client initialized (enabled: true, endpoint: http://192.168.86.103:8082)"}
{"time":"2025-11-01T11:31:35.399121503-07:00","level":"INFO","source":{"function":"github.com/n0needt0/bytefreezer-piper/storage.NewPostgreSQLStateManager","file":"/home/andrew/workspace/bytefreezer/bytefreezer-piper/storage/postgresql_state_manager.go","line":38},"msg":"PostgreSQL: Set MaxOpenConns to 25"}
{"time":"2025-11-01T11:31:35.399135452-07:00","level":"INFO","source":{"function":"github.com/n0needt0/bytefreezer-piper/storage.NewPostgreSQLStateManager","file":"/home/andrew/workspace/bytefreezer/bytefreezer-piper/storage/postgresql_state_manager.go","line":42},"msg":"PostgreSQL: Set MaxIdleConns to 10"}
{"time":"2025-11-01T11:31:35.399140434-07:00","level":"INFO","source":{"function":"github.com/n0needt0/bytefreezer-piper/storage.NewPostgreSQLStateManager","file":"/home/andrew/workspace/bytefreezer/bytefreezer-piper/storage/postgresql_state_manager.go","line":46},"msg":"PostgreSQL: Set ConnMaxLifetime to 5m0s"}
{"time":"2025-11-01T11:31:35.399144266-07:00","level":"INFO","source":{"function":"github.com/n0needt0/bytefreezer-piper/storage.NewPostgreSQLStateManager","file":"/home/andrew/workspace/bytefreezer/bytefreezer-piper/storage/postgresql_state_manager.go","line":50},"msg":"PostgreSQL: Set ConnMaxIdleTime to 5m0s"}
{"time":"2025-11-01T11:31:35.474310617-07:00","level":"INFO","source":{"function":"github.com/n0needt0/bytefreezer-piper/services.NewServices","file":"/home/andrew/workspace/bytefreezer/bytefreezer-piper/services/services.go","line":72},"msg":"Transformation job service initialized (instance: piper-192-168-86-96-85949-1762021895, poll interval: 5s)"}
{"time":"2025-11-01T11:31:35.474370257-07:00","level":"INFO","source":{"function":"github.com/n0needt0/bytefreezer-piper/services.NewServices","file":"/home/andrew/workspace/bytefreezer/bytefreezer-piper/services/services.go","line":112},"msg":"Health reporting service initialized (reporting to http://192.168.86.103:8082)"}
{"time":"2025-11-01T11:31:35.474861816-07:00","level":"INFO","source":{"function":"github.com/n0needt0/bytefreezer-piper/services.(*PiperService).Start","file":"/home/andrew/workspace/bytefreezer/bytefreezer-piper/services/piper_service.go","line":117},"msg":"Starting ByteFreezer Piper service with format processing"}
{"time":"2025-11-01T11:31:35.474910268-07:00","level":"INFO","source":{"function":"github.com/n0needt0/bytefreezer-piper/services.(*PiperService).Start","file":"/home/andrew/workspace/bytefreezer/bytefreezer-piper/services/piper_service.go","line":118},"msg":"Max concurrent jobs: 10"}
{"time":"2025-11-01T11:31:35.474920126-07:00","level":"INFO","source":{"function":"github.com/n0needt0/bytefreezer-piper/services.(*PiperService).Start","file":"/home/andrew/workspace/bytefreezer/bytefreezer-piper/services/piper_service.go","line":131},"msg":"Cleaning up stale locks from previous instances"}
{"time":"2025-11-01T11:31:35.482795857-07:00","level":"INFO","source":{"function":"github.com/n0needt0/bytefreezer-piper/services.(*PiperService).Start","file":"/home/andrew/workspace/bytefreezer/bytefreezer-piper/services/piper_service.go","line":156},"msg":"ByteFreezer Piper service started successfully"}
{"time":"2025-11-01T11:31:35.482834783-07:00","level":"INFO","source":{"function":"github.com/n0needt0/bytefreezer-piper/services.(*HealthReportingService).Start","file":"/home/andrew/workspace/bytefreezer/bytefreezer-piper/services/health_reporting.go","line":94},"msg":"Starting health reporting service - reporting to http://192.168.86.103:8082 every 30s"}
{"time":"2025-11-01T11:31:35.482861317-07:00","level":"INFO","source":{"function":"github.com/n0needt0/bytefreezer-piper/services.(*PiperService).discoveryLoop","file":"/home/andrew/workspace/bytefreezer/bytefreezer-piper/services/piper_service.go","line":210},"msg":"Starting discovery loop with interval: 30s"}
{"time":"2025-11-01T11:31:35.482937169-07:00","level":"INFO","source":{"function":"github.com/n0needt0/bytefreezer-piper/services.(*PiperService).workerLoop","file":"/home/andrew/workspace/bytefreezer/bytefreezer-piper/services/piper_service.go","line":268},"msg":"Starting worker 4"}
{"time":"2025-11-01T11:31:35.482977823-07:00","level":"INFO","source":{"function":"github.com/n0needt0/bytefreezer-piper/services.(*PiperService).workerLoop","file":"/home/andrew/workspace/bytefreezer/bytefreezer-piper/services/piper_service.go","line":268},"msg":"Starting worker 7"}
{"time":"2025-11-01T11:31:35.482997143-07:00","level":"INFO","source":{"function":"github.com/n0needt0/bytefreezer-piper/services.(*PiperService).workerLoop","file":"/home/andrew/workspace/bytefreezer/bytefreezer-piper/services/piper_service.go","line":268},"msg":"Starting worker 6"}
{"time":"2025-11-01T11:31:35.483010309-07:00","level":"INFO","source":{"function":"github.com/n0needt0/bytefreezer-piper/services.(*PiperService).workerLoop","file":"/home/andrew/workspace/bytefreezer/bytefreezer-piper/services/piper_service.go","line":268},"msg":"Starting worker 1"}
{"time":"2025-11-01T11:31:35.48303062-07:00","level":"INFO","source":{"function":"github.com/n0needt0/bytefreezer-piper/services.(*PiperService).workerLoop","file":"/home/andrew/workspace/bytefreezer/bytefreezer-piper/services/piper_service.go","line":268},"msg":"Starting worker 0"}
{"time":"2025-11-01T11:31:35.483057085-07:00","level":"INFO","source":{"function":"github.com/n0needt0/bytefreezer-piper/services.(*PiperService).workerLoop","file":"/home/andrew/workspace/bytefreezer/bytefreezer-piper/services/piper_service.go","line":268},"msg":"Starting worker 9"}
{"time":"2025-11-01T11:31:35.483076987-07:00","level":"INFO","source":{"function":"github.com/n0needt0/bytefreezer-piper/services.(*PiperService).workerLoop","file":"/home/andrew/workspace/bytefreezer/bytefreezer-piper/services/piper_service.go","line":268},"msg":"Starting worker 5"}
{"time":"2025-11-01T11:31:35.483091118-07:00","level":"INFO","source":{"function":"github.com/n0needt0/bytefreezer-piper/services.(*PiperService).workerLoop","file":"/home/andrew/workspace/bytefreezer/bytefreezer-piper/services/piper_service.go","line":268},"msg":"Starting worker 8"}
{"time":"2025-11-01T11:31:35.483103296-07:00","level":"INFO","source":{"function":"github.com/n0needt0/bytefreezer-piper/services.(*PiperService).workerLoop","file":"/home/andrew/workspace/bytefreezer/bytefreezer-piper/services/piper_service.go","line":268},"msg":"Starting worker 2"}
{"time":"2025-11-01T11:31:35.483115964-07:00","level":"INFO","source":{"function":"github.com/n0needt0/bytefreezer-piper/services.(*PiperService).cleanupLoop","file":"/home/andrew/workspace/bytefreezer/bytefreezer-piper/services/piper_service.go","line":381},"msg":"Starting cleanup loop"}
{"time":"2025-11-01T11:31:35.483137744-07:00","level":"INFO","source":{"function":"github.com/n0needt0/bytefreezer-piper/services.(*PiperService).workerLoop","file":"/home/andrew/workspace/bytefreezer/bytefreezer-piper/services/piper_service.go","line":268},"msg":"Starting worker 3"}
{"time":"2025-11-01T11:31:35.483164541-07:00","level":"INFO","source":{"function":"github.com/n0needt0/bytefreezer-piper/services.(*SimpleDiscoveryManager).getActiveTenants","file":"/home/andrew/workspace/bytefreezer/bytefreezer-piper/services/simple_discovery_manager.go","line":289},"msg":"Fetching tenants from Control Service: http://192.168.86.103:8082"}
{"time":"2025-11-01T11:31:35.483304724-07:00","level":"INFO","source":{"function":"github.com/n0needt0/bytefreezer-piper/api.(*API).Serve","file":"/home/andrew/workspace/bytefreezer/bytefreezer-piper/api/api.go","line":96},"msg":"API server started on :8090"}
{"time":"2025-11-01T11:31:35.483424144-07:00","level":"ERROR","source":{"function":"github.com/n0needt0/bytefreezer-piper/api.(*API).Serve","file":"/home/andrew/workspace/bytefreezer/bytefreezer-piper/api/api.go","line":110},"msg":"API server failed and closed: listen tcp :8090: bind: address already in use"}
